<?xml version="1.0" encoding="UTF-8"?>
<!-- Generated by org.testng.reporters.JUnitReportReporter -->
<testsuite skipped="0" hostname="RiawanA-PC" name="testNG.TestTestNGAttribute" tests="6" failures="0" timestamp="14 Jul 2017 20:30:39 GMT" time="0.057" errors="0">
  <testcase name="o" time="0.004" classname="testNG.TestTestNGAttribute"/>
  <testcase name="h" time="0.003" classname="testNG.TestTestNGAttribute"/>
  <testcase name="d" time="0.006" classname="testNG.TestTestNGAttribute"/>
  <testcase name="m" time="0.002" classname="testNG.TestTestNGAttribute"/>
  <testcase name="f" time="0.013" classname="testNG.TestTestNGAttribute"/>
  <testcase name="a" time="0.029" classname="testNG.TestTestNGAttribute"/>
</testsuite> <!-- testNG.TestTestNGAttribute -->
