<?xml version="1.0" encoding="UTF-8"?>
<!-- Generated by org.testng.reporters.JUnitReportReporter -->
<testsuite skipped="0" hostname="RiawanA-PC" name="testNG.TestGroupingNew" tests="5" failures="0" timestamp="14 Jul 2017 21:23:58 GMT" time="0.035" errors="0">
  <testcase name="f3" time="0.000" classname="testNG.TestGroupingNew"/>
  <testcase name="f2" time="0.025" classname="testNG.TestGroupingNew"/>
  <testcase name="f6" time="0.000" classname="testNG.TestGroupingNew"/>
  <testcase name="f4" time="0.005" classname="testNG.TestGroupingNew"/>
  <testcase name="f5" time="0.005" classname="testNG.TestGroupingNew"/>
</testsuite> <!-- testNG.TestGroupingNew -->
