<?xml version="1.0" encoding="UTF-8"?>
<!-- Generated by org.testng.reporters.JUnitReportReporter -->
<testsuite skipped="0" hostname="RiawanA-PC" name="testNG.TestAnnotations" tests="2" failures="0" timestamp="16 Jul 2017 10:38:31 GMT" time="0.029" errors="0">
  <testcase name="f2" time="0.010" classname="testNG.TestAnnotations"/>
  <testcase name="f1" time="0.019" classname="testNG.TestAnnotations"/>
</testsuite> <!-- testNG.TestAnnotations -->
