<?xml version="1.0" encoding="UTF-8"?>
<!-- Generated by org.testng.reporters.JUnitReportReporter -->
<testsuite skipped="0" hostname="RiawanA-PC" name="co.edureka.selenium.webdriver.basic.Facebook" tests="1" failures="0" timestamp="09 Aug 2017 03:23:25 GMT" time="16.428" errors="0">
  <testcase name="login" time="16.428" classname="co.edureka.selenium.webdriver.basic.Facebook"/>
</testsuite> <!-- co.edureka.selenium.webdriver.basic.Facebook -->
