<?xml version="1.0" encoding="UTF-8"?>
<!-- Generated by org.testng.reporters.JUnitReportReporter -->
<testsuite skipped="0" hostname="RiawanA-PC" name="wait.ExplicitWait" tests="1" failures="0" timestamp="04 Aug 2017 20:36:29 GMT" time="11.871" errors="0">
  <testcase name="Login" time="11.871" classname="wait.ExplicitWait"/>
</testsuite> <!-- wait.ExplicitWait -->
