<?xml version="1.0" encoding="UTF-8"?>
<!-- Generated by org.testng.reporters.JUnitReportReporter -->
<testsuite skipped="0" hostname="DESKTOP-EN6HAK8" name="homepage.TC_001VerifyRedioBtn" tests="1" failures="0" timestamp="14 Jan 2018 07:19:02 GMT" time="0.545" errors="0">
  <testcase name="verifyRedioButton" time="0.545" classname="homepage.TC_001VerifyRedioBtn"/>
</testsuite> <!-- homepage.TC_001VerifyRedioBtn -->
