<?xml version="1.0" encoding="UTF-8"?>
<!-- Generated by org.testng.reporters.JUnitReportReporter -->
<testsuite skipped="0" hostname="DESKTOP-EN6HAK8" name="Automation.checkbox.TC_001_VerifyCheckBox" tests="1" failures="0" timestamp="14 Jan 2018 06:31:36 GMT" time="3.257" errors="0">
  <testcase name="VerifyCheckbox" time="3.257" classname="Automation.checkbox.TC_001_VerifyCheckBox"/>
</testsuite> <!-- Automation.checkbox.TC_001_VerifyCheckBox -->
