<?xml version="1.0" encoding="UTF-8"?>
<!-- Generated by org.testng.reporters.JUnitReportReporter -->
<testsuite skipped="0" hostname="DESKTOP-EN6HAK8" name="com.ideascale.Idea_TC_103_VerifyLomepageElements" tests="1" failures="0" timestamp="20 Nov 2017 03:07:25 GMT" time="36.662" errors="0">
  <testcase name="verifyLoginPageElements" time="36.662" classname="com.ideascale.Idea_TC_103_VerifyLomepageElements"/>
</testsuite> <!-- com.ideascale.Idea_TC_103_VerifyLomepageElements -->
