<?xml version="1.0" encoding="UTF-8"?>
<!-- Generated by org.testng.reporters.JUnitReportReporter -->
<testsuite skipped="0" hostname="DESKTOP-EN6HAK8" name="automation.practice.Practice" tests="2" failures="0" timestamp="23 Jan 2018 05:45:44 GMT" time="1.168" errors="0">
  <testcase name="handleNaukriWindoPop" time="0.222" classname="automation.practice.Practice"/>
  <testcase name="handleNaukriWindoPopUsingItrator" time="0.946" classname="automation.practice.Practice"/>
</testsuite> <!-- automation.practice.Practice -->
