<?xml version="1.0" encoding="UTF-8"?>
<!-- Generated by org.testng.reporters.JUnitReportReporter -->
<testsuite skipped="0" hostname="DESKTOP-EN6HAK8" name="automation.practice.TC_003_LinkedInVerify" tests="1" failures="0" timestamp="13 Jan 2018 04:52:22 GMT" time="0.008" errors="0">
  <testcase name="LinkedInLoginVerify" time="0.008" classname="automation.practice.TC_003_LinkedInVerify"/>
</testsuite> <!-- automation.practice.TC_003_LinkedInVerify -->
