<?xml version="1.0" encoding="UTF-8"?>
<!-- Generated by org.testng.reporters.JUnitReportReporter -->
<testsuite skipped="0" hostname="RiawanA-PC" name="com.wordpress.ExcelLogin.ExcelWordpressLogin" tests="2" failures="0" timestamp="06 Aug 2017 10:17:50 GMT" time="0.012" errors="0">
  <testcase name="f" time="0.010" classname="com.wordpress.ExcelLogin.ExcelWordpressLogin"/>
  <testcase name="f" time="0.002" classname="com.wordpress.ExcelLogin.ExcelWordpressLogin"/>
</testsuite> <!-- com.wordpress.ExcelLogin.ExcelWordpressLogin -->
