<?xml version="1.0" encoding="UTF-8"?>
<!-- Generated by org.testng.reporters.JUnitReportReporter -->
<testsuite skipped="0" hostname="RiawanA-PC" name="com.wordpress.DDT.CSSLocator" tests="1" failures="0" timestamp="08 Aug 2017 20:00:35 GMT" time="40.543" errors="0">
  <testcase name="locate" time="40.543" classname="com.wordpress.DDT.CSSLocator"/>
</testsuite> <!-- com.wordpress.DDT.CSSLocator -->
