<?xml version="1.0" encoding="UTF-8"?>
<!-- Generated by org.testng.reporters.JUnitReportReporter -->
<testsuite skipped="0" hostname="DESKTOP-EN6HAK8" name="autocomplete.google.homepage.TC_002VerifyAutoSearch" tests="1" failures="0" timestamp="17 Oct 2017 10:52:58 GMT" time="5.208" errors="0">
  <testcase name="searchForSelenium" time="5.208" classname="autocomplete.google.homepage.TC_002VerifyAutoSearch"/>
</testsuite> <!-- autocomplete.google.homepage.TC_002VerifyAutoSearch -->
