<?xml version="1.0" encoding="UTF-8"?>
<!-- Generated by org.testng.reporters.JUnitReportReporter -->
<testsuite skipped="0" hostname="DESKTOP-EN6HAK8" name="com.google.gettext.VerifyLink" tests="1" failures="0" timestamp="11 Nov 2017 04:35:21 GMT" time="16.941" errors="0">
  <testcase name="VerifyGmailLink" time="16.941" classname="com.google.gettext.VerifyLink"/>
</testsuite> <!-- com.google.gettext.VerifyLink -->
