<?xml version="1.0" encoding="UTF-8"?>
<!-- Generated by org.testng.reporters.JUnitReportReporter -->
<testsuite skipped="0" hostname="DESKTOP-EN6HAK8" name="com.google.gettext.GetTypedText" tests="1" failures="0" timestamp="12 Nov 2017 03:39:16 GMT" time="0.579" errors="0">
  <testcase name="GetTypedTextFromTextbox" time="0.579" classname="com.google.gettext.GetTypedText"/>
</testsuite> <!-- com.google.gettext.GetTypedText -->
