<?xml version="1.0" encoding="UTF-8"?>
<!-- Generated by org.testng.reporters.JUnitReportReporter -->
<testsuite skipped="1" hostname="DESKTOP-EN6HAK8" name="com.google.gettext.ClickUsingActions" tests="2" failures="0" timestamp="14 Nov 2017 05:02:47 GMT" time="0.054" errors="0">
  <testcase name="Print" time="0.054" classname="com.google.gettext.ClickUsingActions"/>
  <testcase name="ClickMenuButton" classname="com.google.gettext.ClickUsingActions">
    <skipped/>
  </testcase> <!-- ClickMenuButton -->
</testsuite> <!-- com.google.gettext.ClickUsingActions -->
