<?xml version="1.0" encoding="UTF-8"?>
<!-- Generated by org.testng.reporters.JUnitReportReporter -->
<testsuite skipped="2" hostname="DESKTOP-EN6HAK8" name="com.google.gettext.TestNGSequence" tests="3" failures="0" timestamp="11 Nov 2017 16:28:01 GMT" time="0.044" errors="0">
  <testcase name="last" time="0.044" classname="com.google.gettext.TestNGSequence"/>
  <testcase name="browse" classname="com.google.gettext.TestNGSequence">
    <skipped/>
  </testcase> <!-- browse -->
  <testcase name="invoke" classname="com.google.gettext.TestNGSequence">
    <skipped/>
  </testcase> <!-- invoke -->
</testsuite> <!-- com.google.gettext.TestNGSequence -->
