<?xml version="1.0" encoding="UTF-8"?>
<!-- Generated by org.testng.reporters.JUnitReportReporter -->
<testsuite skipped="0" hostname="DESKTOP-EN6HAK8" name="com.google.gettext.PopWindows" tests="1" failures="0" timestamp="11 Nov 2017 02:38:36 GMT" time="48.214" errors="0">
  <testcase name="ClosePopWindows" time="48.214" classname="com.google.gettext.PopWindows"/>
</testsuite> <!-- com.google.gettext.PopWindows -->
